<?xml version="1.0" encoding="UTF-8"?>
<coverage generated="1786112708">
  <project timestamp="1786112708">
    <file name="/home/runner/work/wp-module-editor-chat/wp-module-editor-chat/includes/Application.php">
      <class name="NewfoldLabs\WP\Module\EditorChat\Application" namespace="global">
        <metrics complexity="4" methods="2" coveredmethods="0" conditionals="0" coveredconditionals="0" statements="9" coveredstatements="0" elements="11" coveredelements="0"/>
      </class>
      <line num="24" type="method" name="__construct" visibility="public" complexity="2" crap="6" count="0"/>
      <line num="26" type="stmt" count="0"/>
      <line num="29" type="stmt" count="0"/>
      <line num="30" type="stmt" count="0"/>
      <line num="32" type="stmt" count="0"/>
      <line num="42" type="method" name="initialize_chat_editor" visibility="public" complexity="2" crap="6" count="0"/>
      <line num="43" type="stmt" count="0"/>
      <line num="45" type="stmt" count="0"/>
      <line num="46" type="stmt" count="0"/>
      <line num="49" type="stmt" count="0"/>
      <line num="50" type="stmt" count="0"/>
      <metrics loc="53" ncloc="33" classes="1" methods="2" coveredmethods="0" conditionals="0" coveredconditionals="0" statements="9" coveredstatements="0" elements="11" coveredelements="0"/>
    </file>
    <file name="/home/runner/work/wp-module-editor-chat/wp-module-editor-chat/includes/ChatEditor.php">
      <class name="NewfoldLabs\WP\Module\EditorChat\ChatEditor" namespace="global">
        <metrics complexity="84" methods="23" coveredmethods="9" conditionals="0" coveredconditionals="0" statements="355" coveredstatements="174" elements="378" coveredelements="183"/>
      </class>
      <line num="30" type="method" name="__construct" visibility="public" complexity="2" crap="2" count="5"/>
      <line num="31" type="stmt" count="5"/>
      <line num="32" type="stmt" count="5"/>
      <line num="33" type="stmt" count="5"/>
      <line num="34" type="stmt" count="5"/>
      <line num="36" type="stmt" count="5"/>
      <line num="37" type="stmt" count="2"/>
      <line num="38" type="stmt" count="2"/>
      <line num="39" type="stmt" count="2"/>
      <line num="40" type="stmt" count="2"/>
      <line num="42" type="stmt" count="2"/>
      <line num="49" type="method" name="register_rest_routes" visibility="public" complexity="1" crap="1.00" count="1"/>
      <line num="50" type="stmt" count="1"/>
      <line num="51" type="stmt" count="1"/>
      <line num="52" type="stmt" count="1"/>
      <line num="53" type="stmt" count="1"/>
      <line num="54" type="stmt" count="1"/>
      <line num="55" type="stmt" count="1"/>
      <line num="56" type="stmt" count="1"/>
      <line num="57" type="stmt" count="0"/>
      <line num="58" type="stmt" count="1"/>
      <line num="59" type="stmt" count="1"/>
      <line num="60" type="stmt" count="1"/>
      <line num="61" type="stmt" count="1"/>
      <line num="62" type="stmt" count="1"/>
      <line num="63" type="stmt" count="1"/>
      <line num="64" type="stmt" count="1"/>
      <line num="65" type="stmt" count="1"/>
      <line num="66" type="stmt" count="1"/>
      <line num="67" type="stmt" count="1"/>
      <line num="68" type="stmt" count="0"/>
      <line num="69" type="stmt" count="1"/>
      <line num="70" type="stmt" count="1"/>
      <line num="71" type="stmt" count="1"/>
      <line num="73" type="stmt" count="1"/>
      <line num="74" type="stmt" count="1"/>
      <line num="75" type="stmt" count="1"/>
      <line num="76" type="stmt" count="1"/>
      <line num="77" type="stmt" count="1"/>
      <line num="78" type="stmt" count="1"/>
      <line num="79" type="stmt" count="1"/>
      <line num="80" type="stmt" count="0"/>
      <line num="81" type="stmt" count="1"/>
      <line num="82" type="stmt" count="1"/>
      <line num="83" type="stmt" count="1"/>
      <line num="95" type="method" name="get_config" visibility="public" complexity="8" crap="72" count="0"/>
      <line num="96" type="stmt" count="0"/>
      <line num="97" type="stmt" count="0"/>
      <line num="98" type="stmt" count="0"/>
      <line num="100" type="stmt" count="0"/>
      <line num="101" type="stmt" count="0"/>
      <line num="102" type="stmt" count="0"/>
      <line num="103" type="stmt" count="0"/>
      <line num="104" type="stmt" count="0"/>
      <line num="105" type="stmt" count="0"/>
      <line num="108" type="stmt" count="0"/>
      <line num="111" type="stmt" count="0"/>
      <line num="112" type="stmt" count="0"/>
      <line num="113" type="stmt" count="0"/>
      <line num="116" type="stmt" count="0"/>
      <line num="117" type="stmt" count="0"/>
      <line num="118" type="stmt" count="0"/>
      <line num="119" type="stmt" count="0"/>
      <line num="120" type="stmt" count="0"/>
      <line num="121" type="stmt" count="0"/>
      <line num="125" type="stmt" count="0"/>
      <line num="126" type="stmt" count="0"/>
      <line num="127" type="stmt" count="0"/>
      <line num="128" type="stmt" count="0"/>
      <line num="129" type="stmt" count="0"/>
      <line num="130" type="stmt" count="0"/>
      <line num="131" type="stmt" count="0"/>
      <line num="132" type="stmt" count="0"/>
      <line num="133" type="stmt" count="0"/>
      <line num="134" type="stmt" count="0"/>
      <line num="135" type="stmt" count="0"/>
      <line num="136" type="stmt" count="0"/>
      <line num="137" type="stmt" count="0"/>
      <line num="138" type="stmt" count="0"/>
      <line num="139" type="stmt" count="0"/>
      <line num="140" type="stmt" count="0"/>
      <line num="142" type="stmt" count="0"/>
      <line num="143" type="stmt" count="0"/>
      <line num="144" type="stmt" count="0"/>
      <line num="145" type="stmt" count="0"/>
      <line num="146" type="stmt" count="0"/>
      <line num="147" type="stmt" count="0"/>
      <line num="150" type="stmt" count="0"/>
      <line num="151" type="stmt" count="0"/>
      <line num="152" type="stmt" count="0"/>
      <line num="153" type="stmt" count="0"/>
      <line num="155" type="stmt" count="0"/>
      <line num="156" type="stmt" count="0"/>
      <line num="157" type="stmt" count="0"/>
      <line num="160" type="stmt" count="0"/>
      <line num="162" type="stmt" count="0"/>
      <line num="163" type="stmt" count="0"/>
      <line num="164" type="stmt" count="0"/>
      <line num="165" type="stmt" count="0"/>
      <line num="166" type="stmt" count="0"/>
      <line num="167" type="stmt" count="0"/>
      <line num="170" type="stmt" count="0"/>
      <line num="171" type="stmt" count="0"/>
      <line num="172" type="stmt" count="0"/>
      <line num="173" type="stmt" count="0"/>
      <line num="174" type="stmt" count="0"/>
      <line num="175" type="stmt" count="0"/>
      <line num="176" type="stmt" count="0"/>
      <line num="184" type="method" name="get_brand_id" visibility="private" complexity="2" crap="6" count="0"/>
      <line num="185" type="stmt" count="0"/>
      <line num="186" type="stmt" count="0"/>
      <line num="189" type="stmt" count="0"/>
      <line num="190" type="stmt" count="0"/>
      <line num="191" type="stmt" count="0"/>
      <line num="192" type="stmt" count="0"/>
      <line num="193" type="stmt" count="0"/>
      <line num="194" type="stmt" count="0"/>
      <line num="195" type="stmt" count="0"/>
      <line num="197" type="stmt" count="0"/>
      <line num="205" type="method" name="enqueue_site_editor_assets" visibility="public" complexity="3" crap="3.14" count="4"/>
      <line num="206" type="stmt" count="4"/>
      <line num="208" type="stmt" count="4"/>
      <line num="209" type="stmt" count="1"/>
      <line num="210" type="stmt" count="1"/>
      <line num="211" type="stmt" count="1"/>
      <line num="214" type="stmt" count="3"/>
      <line num="215" type="stmt" count="0"/>
      <line num="216" type="stmt" count="0"/>
      <line num="226" type="method" name="is_site_editor_chat_screen" visibility="private" complexity="3" crap="3" count="4"/>
      <line num="227" type="stmt" count="4"/>
      <line num="228" type="stmt" count="1"/>
      <line num="232" type="stmt" count="3"/>
      <line num="241" type="method" name="is_post_editor_chat_screen" visibility="private" complexity="7" crap="13.12" count="3"/>
      <line num="242" type="stmt" count="3"/>
      <line num="243" type="stmt" count="2"/>
      <line num="246" type="stmt" count="1"/>
      <line num="247" type="stmt" count="1"/>
      <line num="250" type="stmt" count="0"/>
      <line num="252" type="stmt" count="0"/>
      <line num="254" type="stmt" count="0"/>
      <line num="257" type="stmt" count="0"/>
      <line num="265" type="method" name="register_assets" visibility="private" complexity="7" crap="49.75" count="1"/>
      <line num="267" type="stmt" count="1"/>
      <line num="269" type="stmt" count="1"/>
      <line num="270" type="stmt" count="0"/>
      <line num="272" type="stmt" count="0"/>
      <line num="273" type="stmt" count="0"/>
      <line num="274" type="stmt" count="0"/>
      <line num="275" type="stmt" count="0"/>
      <line num="276" type="stmt" count="0"/>
      <line num="277" type="stmt" count="0"/>
      <line num="278" type="stmt" count="0"/>
      <line num="282" type="stmt" count="0"/>
      <line num="284" type="stmt" count="0"/>
      <line num="285" type="stmt" count="0"/>
      <line num="287" type="stmt" count="0"/>
      <line num="288" type="stmt" count="0"/>
      <line num="292" type="stmt" count="0"/>
      <line num="293" type="stmt" count="0"/>
      <line num="294" type="stmt" count="0"/>
      <line num="295" type="stmt" count="0"/>
      <line num="296" type="stmt" count="0"/>
      <line num="297" type="stmt" count="0"/>
      <line num="299" type="stmt" count="0"/>
      <line num="300" type="stmt" count="0"/>
      <line num="301" type="stmt" count="0"/>
      <line num="302" type="stmt" count="0"/>
      <line num="303" type="stmt" count="0"/>
      <line num="304" type="stmt" count="0"/>
      <line num="305" type="stmt" count="0"/>
      <line num="306" type="stmt" count="0"/>
      <line num="307" type="stmt" count="0"/>
      <line num="308" type="stmt" count="0"/>
      <line num="309" type="stmt" count="0"/>
      <line num="310" type="stmt" count="0"/>
      <line num="311" type="stmt" count="0"/>
      <line num="313" type="stmt" count="0"/>
      <line num="314" type="stmt" count="0"/>
      <line num="315" type="stmt" count="0"/>
      <line num="318" type="stmt" count="0"/>
      <line num="320" type="stmt" count="0"/>
      <line num="321" type="stmt" count="0"/>
      <line num="322" type="stmt" count="0"/>
      <line num="323" type="stmt" count="0"/>
      <line num="324" type="stmt" count="0"/>
      <line num="326" type="stmt" count="0"/>
      <line num="327" type="stmt" count="0"/>
      <line num="336" type="method" name="get_plan_upgrade_banner_data" visibility="private" complexity="8" crap="17.71" count="1"/>
      <line num="337" type="stmt" count="1"/>
      <line num="339" type="stmt" count="1"/>
      <line num="340" type="stmt" count="1"/>
      <line num="341" type="stmt" count="1"/>
      <line num="342" type="stmt" count="1"/>
      <line num="344" type="stmt" count="1"/>
      <line num="345" type="stmt" count="0"/>
      <line num="346" type="stmt" count="0"/>
      <line num="347" type="stmt" count="0"/>
      <line num="349" type="stmt" count="0"/>
      <line num="350" type="stmt" count="0"/>
      <line num="351" type="stmt" count="0"/>
      <line num="352" type="stmt" count="0"/>
      <line num="353" type="stmt" count="0"/>
      <line num="358" type="stmt" count="1"/>
      <line num="370" type="method" name="load_script_translation_file" visibility="public" complexity="2" crap="2" count="2"/>
      <line num="372" type="stmt" count="2"/>
      <line num="373" type="stmt" count="1"/>
      <line num="374" type="stmt" count="1"/>
      <line num="375" type="stmt" count="1"/>
      <line num="378" type="stmt" count="2"/>
      <line num="388" type="method" name="add_admin_body_class" visibility="public" complexity="6" crap="6.05" count="3"/>
      <line num="389" type="stmt" count="3"/>
      <line num="390" type="stmt" count="3"/>
      <line num="392" type="stmt" count="3"/>
      <line num="393" type="stmt" count="1"/>
      <line num="395" type="stmt" count="1"/>
      <line num="396" type="stmt" count="1"/>
      <line num="399" type="stmt" count="1"/>
      <line num="400" type="stmt" count="0"/>
      <line num="404" type="stmt" count="3"/>
      <line num="416" type="method" name="add_editor_canvas_styles" visibility="public" complexity="5" crap="5" count="4"/>
      <line num="417" type="stmt" count="4"/>
      <line num="418" type="stmt" count="1"/>
      <line num="422" type="stmt" count="3"/>
      <line num="423" type="stmt" count="2"/>
      <line num="427" type="stmt" count="1"/>
      <line num="428" type="stmt" count="1"/>
      <line num="429" type="stmt" count="1"/>
      <line num="430" type="stmt" count="1"/>
      <line num="432" type="stmt" count="1"/>
      <line num="434" type="stmt" count="1"/>
      <line num="442" type="method" name="get_site_context" visibility="private" complexity="2" crap="2" count="4"/>
      <line num="443" type="stmt" count="4"/>
      <line num="445" type="stmt" count="4"/>
      <line num="446" type="stmt" count="4"/>
      <line num="447" type="stmt" count="4"/>
      <line num="448" type="stmt" count="4"/>
      <line num="449" type="stmt" count="4"/>
      <line num="450" type="stmt" count="4"/>
      <line num="451" type="stmt" count="4"/>
      <line num="459" type="method" name="load_text_domain" visibility="public" complexity="1" crap="2" count="0"/>
      <line num="461" type="stmt" count="0"/>
      <line num="462" type="stmt" count="0"/>
      <line num="463" type="stmt" count="0"/>
      <line num="464" type="stmt" count="0"/>
      <line num="465" type="stmt" count="0"/>
      <line num="467" type="stmt" count="0"/>
      <line num="468" type="stmt" count="0"/>
      <line num="469" type="stmt" count="0"/>
      <line num="470" type="stmt" count="0"/>
      <line num="471" type="stmt" count="0"/>
      <line num="479" type="method" name="admin_bar_menu" visibility="public" complexity="1" crap="2" count="0"/>
      <line num="480" type="stmt" count="0"/>
      <line num="482" type="stmt" count="0"/>
      <line num="484" type="stmt" count="0"/>
      <line num="485" type="stmt" count="0"/>
      <line num="486" type="stmt" count="0"/>
      <line num="487" type="stmt" count="0"/>
      <line num="488" type="stmt" count="0"/>
      <line num="490" type="stmt" count="0"/>
      <line num="491" type="stmt" count="0"/>
      <line num="492" type="stmt" count="0"/>
      <line num="493" type="stmt" count="0"/>
      <line num="494" type="stmt" count="0"/>
      <line num="495" type="stmt" count="0"/>
      <line num="497" type="stmt" count="0"/>
      <line num="503" type="method" name="enqueue_admin_bar_assets" visibility="public" complexity="2" crap="6" count="0"/>
      <line num="504" type="stmt" count="0"/>
      <line num="505" type="stmt" count="0"/>
      <line num="514" type="method" name="get_allowed_temp_mime_types" visibility="private" complexity="1" crap="1" count="3"/>
      <line num="515" type="stmt" count="3"/>
      <line num="516" type="stmt" count="3"/>
      <line num="517" type="stmt" count="3"/>
      <line num="518" type="stmt" count="3"/>
      <line num="519" type="stmt" count="3"/>
      <line num="520" type="stmt" count="3"/>
      <line num="521" type="stmt" count="3"/>
      <line num="522" type="stmt" count="3"/>
      <line num="523" type="stmt" count="3"/>
      <line num="524" type="stmt" count="3"/>
      <line num="532" type="method" name="get_allowed_temp_extensions" visibility="private" complexity="1" crap="1" count="3"/>
      <line num="533" type="stmt" count="3"/>
      <line num="534" type="stmt" count="3"/>
      <line num="535" type="stmt" count="3"/>
      <line num="536" type="stmt" count="3"/>
      <line num="537" type="stmt" count="3"/>
      <line num="538" type="stmt" count="3"/>
      <line num="539" type="stmt" count="3"/>
      <line num="540" type="stmt" count="3"/>
      <line num="541" type="stmt" count="3"/>
      <line num="542" type="stmt" count="3"/>
      <line num="543" type="stmt" count="3"/>
      <line num="551" type="method" name="get_temp_upload_paths" visibility="private" complexity="1" crap="1" count="5"/>
      <line num="552" type="stmt" count="5"/>
      <line num="554" type="stmt" count="5"/>
      <line num="555" type="stmt" count="5"/>
      <line num="556" type="stmt" count="5"/>
      <line num="557" type="stmt" count="5"/>
      <line num="565" type="method" name="ensure_temp_upload_dir" visibility="public" complexity="3" crap="3.02" count="3"/>
      <line num="566" type="stmt" count="3"/>
      <line num="567" type="stmt" count="3"/>
      <line num="569" type="stmt" count="3"/>
      <line num="570" type="stmt" count="1"/>
      <line num="573" type="stmt" count="2"/>
      <line num="574" type="stmt" count="0"/>
      <line num="578" type="stmt" count="2"/>
      <line num="580" type="stmt" count="2"/>
      <line num="589" type="method" name="get_allowed_temp_file_type" visibility="private" complexity="10" crap="12.91" count="3"/>
      <line num="590" type="stmt" count="3"/>
      <line num="591" type="stmt" count="3"/>
      <line num="592" type="stmt" count="3"/>
      <line num="594" type="stmt" count="3"/>
      <line num="595" type="stmt" count="2"/>
      <line num="597" type="stmt" count="2"/>
      <line num="598" type="stmt" count="2"/>
      <line num="601" type="stmt" count="0"/>
      <line num="602" type="stmt" count="0"/>
      <line num="606" type="stmt" count="0"/>
      <line num="609" type="stmt" count="1"/>
      <line num="610" type="stmt" count="0"/>
      <line num="613" type="stmt" count="1"/>
      <line num="622" type="method" name="upload_temp_file" visibility="public" complexity="6" crap="8.08" count="5"/>
      <line num="623" type="stmt" count="5"/>
      <line num="625" type="stmt" count="5"/>
      <line num="626" type="stmt" count="2"/>
      <line num="627" type="stmt" count="2"/>
      <line num="628" type="stmt" count="2"/>
      <line num="629" type="stmt" count="2"/>
      <line num="630" type="stmt" count="2"/>
      <line num="633" type="stmt" count="3"/>
      <line num="634" type="stmt" count="3"/>
      <line num="636" type="stmt" count="3"/>
      <line num="637" type="stmt" count="1"/>
      <line num="638" type="stmt" count="1"/>
      <line num="639" type="stmt" count="1"/>
      <line num="640" type="stmt" count="1"/>
      <line num="641" type="stmt" count="1"/>
      <line num="644" type="stmt" count="2"/>
      <line num="645" type="stmt" count="0"/>
      <line num="646" type="stmt" count="0"/>
      <line num="647" type="stmt" count="0"/>
      <line num="648" type="stmt" count="0"/>
      <line num="649" type="stmt" count="0"/>
      <line num="652" type="stmt" count="2"/>
      <line num="653" type="stmt" count="2"/>
      <line num="654" type="stmt" count="2"/>
      <line num="656" type="stmt" count="2"/>
      <line num="657" type="stmt" count="2"/>
      <line num="659" type="stmt" count="2"/>
      <line num="660" type="stmt" count="2"/>
      <line num="661" type="stmt" count="2"/>
      <line num="662" type="stmt" count="2"/>
      <line num="663" type="stmt" count="2"/>
      <line num="664" type="stmt" count="2"/>
      <line num="667" type="stmt" count="0"/>
      <line num="670" type="stmt" count="0"/>
      <line num="672" type="stmt" count="0"/>
      <line num="673" type="stmt" count="0"/>
      <line num="674" type="stmt" count="0"/>
      <line num="675" type="stmt" count="0"/>
      <line num="676" type="stmt" count="0"/>
      <line num="677" type="stmt" count="0"/>
      <line num="678" type="stmt" count="0"/>
      <line num="679" type="stmt" count="0"/>
      <line num="680" type="stmt" count="0"/>
      <line num="681" type="stmt" count="0"/>
      <line num="690" type="method" name="delete_temp_file" visibility="public" complexity="2" crap="2" count="2"/>
      <line num="691" type="stmt" count="2"/>
      <line num="693" type="stmt" count="2"/>
      <line num="694" type="stmt" count="2"/>
      <line num="696" type="stmt" count="2"/>
      <line num="697" type="stmt" count="1"/>
      <line num="698" type="stmt" count="1"/>
      <line num="699" type="stmt" count="1"/>
      <line num="700" type="stmt" count="1"/>
      <line num="701" type="stmt" count="1"/>
      <line num="704" type="stmt" count="1"/>
      <line num="705" type="stmt" count="1"/>
      <line num="707" type="stmt" count="1"/>
      <metrics loc="710" ncloc="552" classes="1" methods="23" coveredmethods="9" conditionals="0" coveredconditionals="0" statements="355" coveredstatements="174" elements="378" coveredelements="183"/>
    </file>
    <file name="/home/runner/work/wp-module-editor-chat/wp-module-editor-chat/includes/Permissions.php">
      <class name="NewfoldLabs\WP\Module\EditorChat\Permissions" namespace="global">
        <metrics complexity="6" methods="3" coveredmethods="3" conditionals="0" coveredconditionals="0" statements="3" coveredstatements="3" elements="6" coveredelements="6"/>
      </class>
      <line num="24" type="method" name="is_admin" visibility="public" complexity="2" crap="2" count="3"/>
      <line num="25" type="stmt" count="3"/>
      <line num="33" type="method" name="is_editor" visibility="public" complexity="2" crap="2" count="10"/>
      <line num="34" type="stmt" count="10"/>
      <line num="42" type="method" name="is_authorized_admin" visibility="public" complexity="2" crap="2" count="2"/>
      <line num="43" type="stmt" count="2"/>
      <metrics loc="46" ncloc="22" classes="1" methods="3" coveredmethods="3" conditionals="0" coveredconditionals="0" statements="3" coveredstatements="3" elements="6" coveredelements="6"/>
    </file>
    <metrics files="3" loc="809" ncloc="607" classes="3" methods="28" coveredmethods="12" conditionals="0" coveredconditionals="0" statements="367" coveredstatements="177" elements="395" coveredelements="189"/>
  </project>
</coverage>
