<?xml version="1.0" encoding="UTF-8"?>
<coverage generated="1772821492">
  <project timestamp="1772821492">
    <file name="/home/runner/work/wp-module-editor-chat/wp-module-editor-chat/includes/Application.php">
      <class name="NewfoldLabs\WP\Module\EditorChat\Application" namespace="global">
        <metrics complexity="3" methods="2" coveredmethods="0" conditionals="0" coveredconditionals="0" statements="4" coveredstatements="0" elements="6" coveredelements="0"/>
      </class>
      <line num="23" type="method" name="__construct" visibility="public" complexity="1" crap="2" count="0"/>
      <line num="25" type="stmt" count="0"/>
      <line num="28" type="stmt" count="0"/>
      <line num="37" type="method" name="initialize_chat_editor" visibility="public" complexity="2" crap="6" count="0"/>
      <line num="38" type="stmt" count="0"/>
      <line num="39" type="stmt" count="0"/>
      <metrics loc="43" ncloc="23" classes="1" methods="2" coveredmethods="0" conditionals="0" coveredconditionals="0" statements="4" coveredstatements="0" elements="6" coveredelements="0"/>
    </file>
    <file name="/home/runner/work/wp-module-editor-chat/wp-module-editor-chat/includes/ChatEditor.php">
      <class name="NewfoldLabs\WP\Module\EditorChat\ChatEditor" namespace="global">
        <metrics complexity="16" methods="7" coveredmethods="5" conditionals="0" coveredconditionals="0" statements="75" coveredstatements="64" elements="82" coveredelements="69"/>
      </class>
      <line num="24" type="method" name="__construct" visibility="public" complexity="1" crap="1" count="3"/>
      <line num="25" type="stmt" count="3"/>
      <line num="26" type="stmt" count="3"/>
      <line num="27" type="stmt" count="3"/>
      <line num="35" type="method" name="enqueue_site_editor_assets" visibility="public" complexity="4" crap="4" count="4"/>
      <line num="36" type="stmt" count="4"/>
      <line num="39" type="stmt" count="4"/>
      <line num="40" type="stmt" count="1"/>
      <line num="44" type="stmt" count="3"/>
      <line num="45" type="stmt" count="2"/>
      <line num="48" type="stmt" count="1"/>
      <line num="49" type="stmt" count="1"/>
      <line num="55" type="method" name="register_assets" visibility="public" complexity="2" crap="2" count="1"/>
      <line num="57" type="stmt" count="1"/>
      <line num="59" type="stmt" count="1"/>
      <line num="60" type="stmt" count="1"/>
      <line num="62" type="stmt" count="1"/>
      <line num="63" type="stmt" count="1"/>
      <line num="64" type="stmt" count="1"/>
      <line num="65" type="stmt" count="1"/>
      <line num="66" type="stmt" count="1"/>
      <line num="67" type="stmt" count="1"/>
      <line num="68" type="stmt" count="1"/>
      <line num="70" type="stmt" count="1"/>
      <line num="71" type="stmt" count="1"/>
      <line num="72" type="stmt" count="1"/>
      <line num="73" type="stmt" count="1"/>
      <line num="74" type="stmt" count="1"/>
      <line num="75" type="stmt" count="1"/>
      <line num="77" type="stmt" count="1"/>
      <line num="78" type="stmt" count="1"/>
      <line num="79" type="stmt" count="1"/>
      <line num="80" type="stmt" count="1"/>
      <line num="81" type="stmt" count="1"/>
      <line num="82" type="stmt" count="1"/>
      <line num="83" type="stmt" count="1"/>
      <line num="84" type="stmt" count="1"/>
      <line num="85" type="stmt" count="1"/>
      <line num="86" type="stmt" count="1"/>
      <line num="87" type="stmt" count="1"/>
      <line num="88" type="stmt" count="1"/>
      <line num="89" type="stmt" count="1"/>
      <line num="90" type="stmt" count="1"/>
      <line num="91" type="stmt" count="1"/>
      <line num="93" type="stmt" count="1"/>
      <line num="94" type="stmt" count="1"/>
      <line num="95" type="stmt" count="1"/>
      <line num="96" type="stmt" count="1"/>
      <line num="97" type="stmt" count="1"/>
      <line num="99" type="stmt" count="1"/>
      <line num="100" type="stmt" count="1"/>
      <line num="112" type="method" name="load_script_translation_file" visibility="public" complexity="2" crap="2" count="2"/>
      <line num="114" type="stmt" count="2"/>
      <line num="115" type="stmt" count="1"/>
      <line num="116" type="stmt" count="1"/>
      <line num="117" type="stmt" count="1"/>
      <line num="120" type="stmt" count="2"/>
      <line num="129" type="method" name="add_admin_body_class" visibility="public" complexity="4" crap="4.25" count="2"/>
      <line num="130" type="stmt" count="2"/>
      <line num="132" type="stmt" count="2"/>
      <line num="133" type="stmt" count="0"/>
      <line num="136" type="stmt" count="2"/>
      <line num="144" type="method" name="get_site_context" visibility="private" complexity="2" crap="2" count="5"/>
      <line num="145" type="stmt" count="5"/>
      <line num="147" type="stmt" count="5"/>
      <line num="148" type="stmt" count="5"/>
      <line num="149" type="stmt" count="5"/>
      <line num="150" type="stmt" count="5"/>
      <line num="151" type="stmt" count="5"/>
      <line num="152" type="stmt" count="5"/>
      <line num="153" type="stmt" count="5"/>
      <line num="161" type="method" name="load_text_domain" visibility="public" complexity="1" crap="2" count="0"/>
      <line num="163" type="stmt" count="0"/>
      <line num="164" type="stmt" count="0"/>
      <line num="165" type="stmt" count="0"/>
      <line num="166" type="stmt" count="0"/>
      <line num="167" type="stmt" count="0"/>
      <line num="169" type="stmt" count="0"/>
      <line num="170" type="stmt" count="0"/>
      <line num="171" type="stmt" count="0"/>
      <line num="172" type="stmt" count="0"/>
      <line num="173" type="stmt" count="0"/>
      <metrics loc="176" ncloc="128" classes="1" methods="7" coveredmethods="5" conditionals="0" coveredconditionals="0" statements="75" coveredstatements="64" elements="82" coveredelements="69"/>
    </file>
    <file name="/home/runner/work/wp-module-editor-chat/wp-module-editor-chat/includes/Permissions.php">
      <class name="NewfoldLabs\WP\Module\EditorChat\Permissions" namespace="global">
        <metrics complexity="6" methods="3" coveredmethods="3" conditionals="0" coveredconditionals="0" statements="3" coveredstatements="3" elements="6" coveredelements="6"/>
      </class>
      <line num="24" type="method" name="is_admin" visibility="public" complexity="2" crap="2" count="3"/>
      <line num="25" type="stmt" count="3"/>
      <line num="33" type="method" name="is_editor" visibility="public" complexity="2" crap="2" count="4"/>
      <line num="34" type="stmt" count="4"/>
      <line num="42" type="method" name="is_authorized_admin" visibility="public" complexity="2" crap="2" count="2"/>
      <line num="43" type="stmt" count="2"/>
      <metrics loc="46" ncloc="22" classes="1" methods="3" coveredmethods="3" conditionals="0" coveredconditionals="0" statements="3" coveredstatements="3" elements="6" coveredelements="6"/>
    </file>
    <metrics files="3" loc="265" ncloc="173" classes="3" methods="12" coveredmethods="8" conditionals="0" coveredconditionals="0" statements="82" coveredstatements="67" elements="94" coveredelements="75"/>
  </project>
</coverage>
