<?xml version="1.0" encoding="UTF-8"?>
<coverage generated="1784041189">
  <project timestamp="1784041189">
    <file name="/home/runner/work/wp-module-editor-chat/wp-module-editor-chat/includes/Application.php">
      <class name="NewfoldLabs\WP\Module\EditorChat\Application" namespace="global">
        <metrics complexity="3" methods="2" coveredmethods="0" conditionals="0" coveredconditionals="0" statements="4" coveredstatements="0" elements="6" coveredelements="0"/>
      </class>
      <line num="24" type="method" name="__construct" visibility="public" complexity="1" crap="2" count="0"/>
      <line num="26" type="stmt" count="0"/>
      <line num="29" type="stmt" count="0"/>
      <line num="38" type="method" name="initialize_chat_editor" visibility="public" complexity="2" crap="6" count="0"/>
      <line num="39" type="stmt" count="0"/>
      <line num="40" type="stmt" count="0"/>
      <metrics loc="44" ncloc="24" classes="1" methods="2" coveredmethods="0" conditionals="0" coveredconditionals="0" statements="4" coveredstatements="0" elements="6" coveredelements="0"/>
    </file>
    <file name="/home/runner/work/wp-module-editor-chat/wp-module-editor-chat/includes/ChatEditor.php">
      <class name="NewfoldLabs\WP\Module\EditorChat\ChatEditor" namespace="global">
        <metrics complexity="67" methods="18" coveredmethods="6" conditionals="0" coveredconditionals="0" statements="312" coveredstatements="141" elements="330" coveredelements="147"/>
      </class>
      <line num="25" type="method" name="__construct" visibility="public" complexity="1" crap="1" count="5"/>
      <line num="26" type="stmt" count="5"/>
      <line num="27" type="stmt" count="5"/>
      <line num="28" type="stmt" count="5"/>
      <line num="29" type="stmt" count="5"/>
      <line num="30" type="stmt" count="5"/>
      <line num="31" type="stmt" count="5"/>
      <line num="32" type="stmt" count="5"/>
      <line num="34" type="stmt" count="5"/>
      <line num="40" type="method" name="register_rest_routes" visibility="public" complexity="1" crap="1.00" count="1"/>
      <line num="41" type="stmt" count="1"/>
      <line num="42" type="stmt" count="1"/>
      <line num="43" type="stmt" count="1"/>
      <line num="44" type="stmt" count="1"/>
      <line num="45" type="stmt" count="1"/>
      <line num="46" type="stmt" count="1"/>
      <line num="47" type="stmt" count="1"/>
      <line num="48" type="stmt" count="0"/>
      <line num="49" type="stmt" count="1"/>
      <line num="50" type="stmt" count="1"/>
      <line num="51" type="stmt" count="1"/>
      <line num="52" type="stmt" count="1"/>
      <line num="53" type="stmt" count="1"/>
      <line num="54" type="stmt" count="1"/>
      <line num="55" type="stmt" count="1"/>
      <line num="56" type="stmt" count="1"/>
      <line num="57" type="stmt" count="1"/>
      <line num="58" type="stmt" count="1"/>
      <line num="59" type="stmt" count="0"/>
      <line num="60" type="stmt" count="1"/>
      <line num="61" type="stmt" count="1"/>
      <line num="62" type="stmt" count="1"/>
      <line num="64" type="stmt" count="1"/>
      <line num="65" type="stmt" count="1"/>
      <line num="66" type="stmt" count="1"/>
      <line num="67" type="stmt" count="1"/>
      <line num="68" type="stmt" count="1"/>
      <line num="69" type="stmt" count="1"/>
      <line num="70" type="stmt" count="1"/>
      <line num="71" type="stmt" count="0"/>
      <line num="72" type="stmt" count="1"/>
      <line num="73" type="stmt" count="1"/>
      <line num="74" type="stmt" count="1"/>
      <line num="86" type="method" name="get_config" visibility="public" complexity="8" crap="72" count="0"/>
      <line num="87" type="stmt" count="0"/>
      <line num="88" type="stmt" count="0"/>
      <line num="89" type="stmt" count="0"/>
      <line num="91" type="stmt" count="0"/>
      <line num="92" type="stmt" count="0"/>
      <line num="93" type="stmt" count="0"/>
      <line num="94" type="stmt" count="0"/>
      <line num="95" type="stmt" count="0"/>
      <line num="96" type="stmt" count="0"/>
      <line num="99" type="stmt" count="0"/>
      <line num="102" type="stmt" count="0"/>
      <line num="103" type="stmt" count="0"/>
      <line num="104" type="stmt" count="0"/>
      <line num="107" type="stmt" count="0"/>
      <line num="108" type="stmt" count="0"/>
      <line num="109" type="stmt" count="0"/>
      <line num="110" type="stmt" count="0"/>
      <line num="111" type="stmt" count="0"/>
      <line num="112" type="stmt" count="0"/>
      <line num="116" type="stmt" count="0"/>
      <line num="117" type="stmt" count="0"/>
      <line num="118" type="stmt" count="0"/>
      <line num="119" type="stmt" count="0"/>
      <line num="120" type="stmt" count="0"/>
      <line num="121" type="stmt" count="0"/>
      <line num="122" type="stmt" count="0"/>
      <line num="123" type="stmt" count="0"/>
      <line num="124" type="stmt" count="0"/>
      <line num="125" type="stmt" count="0"/>
      <line num="126" type="stmt" count="0"/>
      <line num="127" type="stmt" count="0"/>
      <line num="128" type="stmt" count="0"/>
      <line num="129" type="stmt" count="0"/>
      <line num="130" type="stmt" count="0"/>
      <line num="131" type="stmt" count="0"/>
      <line num="133" type="stmt" count="0"/>
      <line num="134" type="stmt" count="0"/>
      <line num="135" type="stmt" count="0"/>
      <line num="136" type="stmt" count="0"/>
      <line num="137" type="stmt" count="0"/>
      <line num="138" type="stmt" count="0"/>
      <line num="141" type="stmt" count="0"/>
      <line num="142" type="stmt" count="0"/>
      <line num="143" type="stmt" count="0"/>
      <line num="144" type="stmt" count="0"/>
      <line num="146" type="stmt" count="0"/>
      <line num="147" type="stmt" count="0"/>
      <line num="148" type="stmt" count="0"/>
      <line num="151" type="stmt" count="0"/>
      <line num="153" type="stmt" count="0"/>
      <line num="154" type="stmt" count="0"/>
      <line num="155" type="stmt" count="0"/>
      <line num="156" type="stmt" count="0"/>
      <line num="157" type="stmt" count="0"/>
      <line num="158" type="stmt" count="0"/>
      <line num="161" type="stmt" count="0"/>
      <line num="162" type="stmt" count="0"/>
      <line num="163" type="stmt" count="0"/>
      <line num="164" type="stmt" count="0"/>
      <line num="165" type="stmt" count="0"/>
      <line num="166" type="stmt" count="0"/>
      <line num="167" type="stmt" count="0"/>
      <line num="175" type="method" name="get_brand_id" visibility="private" complexity="2" crap="6" count="0"/>
      <line num="176" type="stmt" count="0"/>
      <line num="177" type="stmt" count="0"/>
      <line num="180" type="stmt" count="0"/>
      <line num="181" type="stmt" count="0"/>
      <line num="182" type="stmt" count="0"/>
      <line num="183" type="stmt" count="0"/>
      <line num="184" type="stmt" count="0"/>
      <line num="185" type="stmt" count="0"/>
      <line num="186" type="stmt" count="0"/>
      <line num="188" type="stmt" count="0"/>
      <line num="196" type="method" name="enqueue_site_editor_assets" visibility="public" complexity="3" crap="3.14" count="4"/>
      <line num="197" type="stmt" count="4"/>
      <line num="199" type="stmt" count="4"/>
      <line num="200" type="stmt" count="1"/>
      <line num="201" type="stmt" count="1"/>
      <line num="202" type="stmt" count="1"/>
      <line num="205" type="stmt" count="3"/>
      <line num="206" type="stmt" count="0"/>
      <line num="207" type="stmt" count="0"/>
      <line num="217" type="method" name="is_site_editor_chat_screen" visibility="private" complexity="3" crap="3" count="4"/>
      <line num="218" type="stmt" count="4"/>
      <line num="219" type="stmt" count="1"/>
      <line num="223" type="stmt" count="3"/>
      <line num="232" type="method" name="is_post_editor_chat_screen" visibility="private" complexity="7" crap="13.12" count="3"/>
      <line num="233" type="stmt" count="3"/>
      <line num="234" type="stmt" count="2"/>
      <line num="237" type="stmt" count="1"/>
      <line num="238" type="stmt" count="1"/>
      <line num="241" type="stmt" count="0"/>
      <line num="243" type="stmt" count="0"/>
      <line num="245" type="stmt" count="0"/>
      <line num="248" type="stmt" count="0"/>
      <line num="256" type="method" name="register_assets" visibility="private" complexity="7" crap="49.75" count="1"/>
      <line num="258" type="stmt" count="1"/>
      <line num="260" type="stmt" count="1"/>
      <line num="261" type="stmt" count="0"/>
      <line num="263" type="stmt" count="0"/>
      <line num="264" type="stmt" count="0"/>
      <line num="265" type="stmt" count="0"/>
      <line num="266" type="stmt" count="0"/>
      <line num="267" type="stmt" count="0"/>
      <line num="268" type="stmt" count="0"/>
      <line num="269" type="stmt" count="0"/>
      <line num="273" type="stmt" count="0"/>
      <line num="275" type="stmt" count="0"/>
      <line num="276" type="stmt" count="0"/>
      <line num="278" type="stmt" count="0"/>
      <line num="279" type="stmt" count="0"/>
      <line num="283" type="stmt" count="0"/>
      <line num="284" type="stmt" count="0"/>
      <line num="285" type="stmt" count="0"/>
      <line num="286" type="stmt" count="0"/>
      <line num="287" type="stmt" count="0"/>
      <line num="288" type="stmt" count="0"/>
      <line num="290" type="stmt" count="0"/>
      <line num="291" type="stmt" count="0"/>
      <line num="292" type="stmt" count="0"/>
      <line num="293" type="stmt" count="0"/>
      <line num="294" type="stmt" count="0"/>
      <line num="295" type="stmt" count="0"/>
      <line num="296" type="stmt" count="0"/>
      <line num="297" type="stmt" count="0"/>
      <line num="298" type="stmt" count="0"/>
      <line num="299" type="stmt" count="0"/>
      <line num="300" type="stmt" count="0"/>
      <line num="301" type="stmt" count="0"/>
      <line num="302" type="stmt" count="0"/>
      <line num="304" type="stmt" count="0"/>
      <line num="305" type="stmt" count="0"/>
      <line num="306" type="stmt" count="0"/>
      <line num="309" type="stmt" count="0"/>
      <line num="311" type="stmt" count="0"/>
      <line num="312" type="stmt" count="0"/>
      <line num="313" type="stmt" count="0"/>
      <line num="314" type="stmt" count="0"/>
      <line num="315" type="stmt" count="0"/>
      <line num="317" type="stmt" count="0"/>
      <line num="318" type="stmt" count="0"/>
      <line num="327" type="method" name="get_plan_upgrade_banner_data" visibility="private" complexity="8" crap="17.71" count="1"/>
      <line num="328" type="stmt" count="1"/>
      <line num="330" type="stmt" count="1"/>
      <line num="331" type="stmt" count="1"/>
      <line num="332" type="stmt" count="1"/>
      <line num="333" type="stmt" count="1"/>
      <line num="335" type="stmt" count="1"/>
      <line num="336" type="stmt" count="0"/>
      <line num="337" type="stmt" count="0"/>
      <line num="338" type="stmt" count="0"/>
      <line num="340" type="stmt" count="0"/>
      <line num="341" type="stmt" count="0"/>
      <line num="342" type="stmt" count="0"/>
      <line num="343" type="stmt" count="0"/>
      <line num="344" type="stmt" count="0"/>
      <line num="349" type="stmt" count="1"/>
      <line num="361" type="method" name="load_script_translation_file" visibility="public" complexity="2" crap="2" count="2"/>
      <line num="363" type="stmt" count="2"/>
      <line num="364" type="stmt" count="1"/>
      <line num="365" type="stmt" count="1"/>
      <line num="366" type="stmt" count="1"/>
      <line num="369" type="stmt" count="2"/>
      <line num="379" type="method" name="add_admin_body_class" visibility="public" complexity="6" crap="6.05" count="3"/>
      <line num="380" type="stmt" count="3"/>
      <line num="381" type="stmt" count="3"/>
      <line num="383" type="stmt" count="3"/>
      <line num="384" type="stmt" count="1"/>
      <line num="386" type="stmt" count="1"/>
      <line num="387" type="stmt" count="1"/>
      <line num="390" type="stmt" count="1"/>
      <line num="391" type="stmt" count="0"/>
      <line num="395" type="stmt" count="3"/>
      <line num="407" type="method" name="add_editor_canvas_styles" visibility="public" complexity="5" crap="5" count="4"/>
      <line num="408" type="stmt" count="4"/>
      <line num="409" type="stmt" count="1"/>
      <line num="413" type="stmt" count="3"/>
      <line num="414" type="stmt" count="2"/>
      <line num="418" type="stmt" count="1"/>
      <line num="419" type="stmt" count="1"/>
      <line num="420" type="stmt" count="1"/>
      <line num="421" type="stmt" count="1"/>
      <line num="423" type="stmt" count="1"/>
      <line num="425" type="stmt" count="1"/>
      <line num="433" type="method" name="get_site_context" visibility="private" complexity="2" crap="2" count="4"/>
      <line num="434" type="stmt" count="4"/>
      <line num="436" type="stmt" count="4"/>
      <line num="437" type="stmt" count="4"/>
      <line num="438" type="stmt" count="4"/>
      <line num="439" type="stmt" count="4"/>
      <line num="440" type="stmt" count="4"/>
      <line num="441" type="stmt" count="4"/>
      <line num="442" type="stmt" count="4"/>
      <line num="450" type="method" name="load_text_domain" visibility="public" complexity="1" crap="2" count="0"/>
      <line num="452" type="stmt" count="0"/>
      <line num="453" type="stmt" count="0"/>
      <line num="454" type="stmt" count="0"/>
      <line num="455" type="stmt" count="0"/>
      <line num="456" type="stmt" count="0"/>
      <line num="458" type="stmt" count="0"/>
      <line num="459" type="stmt" count="0"/>
      <line num="460" type="stmt" count="0"/>
      <line num="461" type="stmt" count="0"/>
      <line num="462" type="stmt" count="0"/>
      <line num="470" type="method" name="admin_bar_menu" visibility="public" complexity="1" crap="2" count="0"/>
      <line num="471" type="stmt" count="0"/>
      <line num="473" type="stmt" count="0"/>
      <line num="475" type="stmt" count="0"/>
      <line num="476" type="stmt" count="0"/>
      <line num="477" type="stmt" count="0"/>
      <line num="478" type="stmt" count="0"/>
      <line num="479" type="stmt" count="0"/>
      <line num="481" type="stmt" count="0"/>
      <line num="482" type="stmt" count="0"/>
      <line num="483" type="stmt" count="0"/>
      <line num="484" type="stmt" count="0"/>
      <line num="485" type="stmt" count="0"/>
      <line num="486" type="stmt" count="0"/>
      <line num="488" type="stmt" count="0"/>
      <line num="494" type="method" name="enqueue_admin_bar_assets" visibility="public" complexity="2" crap="6" count="0"/>
      <line num="495" type="stmt" count="0"/>
      <line num="496" type="stmt" count="0"/>
      <line num="506" type="method" name="upload_temp_file" visibility="public" complexity="6" crap="6.50" count="4"/>
      <line num="507" type="stmt" count="4"/>
      <line num="509" type="stmt" count="4"/>
      <line num="510" type="stmt" count="2"/>
      <line num="511" type="stmt" count="2"/>
      <line num="512" type="stmt" count="2"/>
      <line num="513" type="stmt" count="2"/>
      <line num="514" type="stmt" count="2"/>
      <line num="517" type="stmt" count="2"/>
      <line num="519" type="stmt" count="2"/>
      <line num="520" type="stmt" count="2"/>
      <line num="521" type="stmt" count="2"/>
      <line num="522" type="stmt" count="2"/>
      <line num="523" type="stmt" count="2"/>
      <line num="524" type="stmt" count="2"/>
      <line num="525" type="stmt" count="2"/>
      <line num="526" type="stmt" count="2"/>
      <line num="527" type="stmt" count="2"/>
      <line num="528" type="stmt" count="2"/>
      <line num="530" type="stmt" count="2"/>
      <line num="531" type="stmt" count="1"/>
      <line num="532" type="stmt" count="1"/>
      <line num="533" type="stmt" count="1"/>
      <line num="534" type="stmt" count="1"/>
      <line num="535" type="stmt" count="1"/>
      <line num="538" type="stmt" count="1"/>
      <line num="539" type="stmt" count="1"/>
      <line num="540" type="stmt" count="1"/>
      <line num="542" type="stmt" count="1"/>
      <line num="543" type="stmt" count="1"/>
      <line num="545" type="stmt" count="1"/>
      <line num="548" type="stmt" count="1"/>
      <line num="549" type="stmt" count="1"/>
      <line num="551" type="stmt" count="1"/>
      <line num="552" type="stmt" count="1"/>
      <line num="553" type="stmt" count="1"/>
      <line num="554" type="stmt" count="1"/>
      <line num="555" type="stmt" count="1"/>
      <line num="556" type="stmt" count="1"/>
      <line num="559" type="stmt" count="0"/>
      <line num="562" type="stmt" count="0"/>
      <line num="564" type="stmt" count="0"/>
      <line num="565" type="stmt" count="0"/>
      <line num="566" type="stmt" count="0"/>
      <line num="567" type="stmt" count="0"/>
      <line num="568" type="stmt" count="0"/>
      <line num="569" type="stmt" count="0"/>
      <line num="570" type="stmt" count="0"/>
      <line num="571" type="stmt" count="0"/>
      <line num="572" type="stmt" count="0"/>
      <line num="573" type="stmt" count="0"/>
      <line num="582" type="method" name="delete_temp_file" visibility="public" complexity="2" crap="2" count="2"/>
      <line num="583" type="stmt" count="2"/>
      <line num="585" type="stmt" count="2"/>
      <line num="586" type="stmt" count="2"/>
      <line num="588" type="stmt" count="2"/>
      <line num="589" type="stmt" count="1"/>
      <line num="590" type="stmt" count="1"/>
      <line num="591" type="stmt" count="1"/>
      <line num="592" type="stmt" count="1"/>
      <line num="593" type="stmt" count="1"/>
      <line num="596" type="stmt" count="1"/>
      <line num="597" type="stmt" count="1"/>
      <line num="599" type="stmt" count="1"/>
      <metrics loc="602" ncloc="474" classes="1" methods="18" coveredmethods="6" conditionals="0" coveredconditionals="0" statements="312" coveredstatements="141" elements="330" coveredelements="147"/>
    </file>
    <file name="/home/runner/work/wp-module-editor-chat/wp-module-editor-chat/includes/Permissions.php">
      <class name="NewfoldLabs\WP\Module\EditorChat\Permissions" namespace="global">
        <metrics complexity="6" methods="3" coveredmethods="3" conditionals="0" coveredconditionals="0" statements="3" coveredstatements="3" elements="6" coveredelements="6"/>
      </class>
      <line num="24" type="method" name="is_admin" visibility="public" complexity="2" crap="2" count="3"/>
      <line num="25" type="stmt" count="3"/>
      <line num="33" type="method" name="is_editor" visibility="public" complexity="2" crap="2" count="5"/>
      <line num="34" type="stmt" count="5"/>
      <line num="42" type="method" name="is_authorized_admin" visibility="public" complexity="2" crap="2" count="2"/>
      <line num="43" type="stmt" count="2"/>
      <metrics loc="46" ncloc="22" classes="1" methods="3" coveredmethods="3" conditionals="0" coveredconditionals="0" statements="3" coveredstatements="3" elements="6" coveredelements="6"/>
    </file>
    <metrics files="3" loc="692" ncloc="520" classes="3" methods="23" coveredmethods="9" conditionals="0" coveredconditionals="0" statements="319" coveredstatements="144" elements="342" coveredelements="153"/>
  </project>
</coverage>
